Using pre-set license
Built from '2021.3/staging' branch; Version is '2021.3.4f1 (cb45f9cae8b7) revision 13321721'; Using compiler version '192829333'; Build Type 'Release'
OS: 'Windows 10  (10.0.19043) 64bit Core' Language: 'es' Physical Memory: 8040 MB
BatchMode: 1, IsHumanControllingUs: 0, StartBugReporterOnCrash: 0, Is64bit: 1, IsPro: 1

COMMAND LINE ARGUMENTS:
C:\Program Files\Unity\Hub\Editor\2021.3.4f1\Editor\Unity.exe
-adb2
-batchMode
-noUpm
-name
AssetImportWorker0
-projectPath
C:/Users/franc/Documents/GitHub/S4M
-logFile
Logs/AssetImportWorker0.log
-srvPort
58152
Successfully changed project path to: C:/Users/franc/Documents/GitHub/S4M
C:/Users/franc/Documents/GitHub/S4M
[UnityMemory] Configuration Parameters - Can be set up in boot.config
    "memorysetup-bucket-allocator-granularity=16"
    "memorysetup-bucket-allocator-bucket-count=8"
    "memorysetup-bucket-allocator-block-size=33554432"
    "memorysetup-bucket-allocator-block-count=8"
    "memorysetup-main-allocator-block-size=16777216"
    "memorysetup-thread-allocator-block-size=16777216"
    "memorysetup-gfx-main-allocator-block-size=16777216"
    "memorysetup-gfx-thread-allocator-block-size=16777216"
    "memorysetup-cache-allocator-block-size=4194304"
    "memorysetup-typetree-allocator-block-size=2097152"
    "memorysetup-profiler-bucket-allocator-granularity=16"
    "memorysetup-profiler-bucket-allocator-bucket-count=8"
    "memorysetup-profiler-bucket-allocator-block-size=33554432"
    "memorysetup-profiler-bucket-allocator-block-count=8"
    "memorysetup-profiler-allocator-block-size=16777216"
    "memorysetup-profiler-editor-allocator-block-size=1048576"
    "memorysetup-temp-allocator-size-main=16777216"
    "memorysetup-job-temp-allocator-block-size=2097152"
    "memorysetup-job-temp-allocator-block-size-background=1048576"
    "memorysetup-job-temp-allocator-reduction-small-platforms=262144"
    "memorysetup-temp-allocator-size-background-worker=32768"
    "memorysetup-temp-allocator-size-job-worker=262144"
    "memorysetup-temp-allocator-size-preload-manager=33554432"
    "memorysetup-temp-allocator-size-nav-mesh-worker=65536"
    "memorysetup-temp-allocator-size-audio-worker=65536"
    "memorysetup-temp-allocator-size-cloud-worker=32768"
    "memorysetup-temp-allocator-size-gi-baking-worker=262144"
    "memorysetup-temp-allocator-size-gfx=262144"
Refreshing native plugins compatible for Editor in 272.79 ms, found 3 plugins.
Preloading 0 native plugins for Editor in 0.00 ms.
Initialize engine version: 2021.3.4f1 (cb45f9cae8b7)
[Subsystems] Discovering subsystems at path C:/Program Files/Unity/Hub/Editor/2021.3.4f1/Editor/Data/Resources/UnitySubsystems
[Subsystems] Discovering subsystems at path C:/Users/franc/Documents/GitHub/S4M/Assets
GfxDevice: creating device client; threaded=0; jobified=0
Direct3D:
    Version:  Direct3D 11.0 [level 11.1]
    Renderer: NVIDIA GeForce GTX 1050 Ti (ID=0x1c8c)
    Vendor:   NVIDIA
    VRAM:     4029 MB
    Driver:   23.21.13.8927
Initialize mono
Mono path[0] = 'C:/Program Files/Unity/Hub/Editor/2021.3.4f1/Editor/Data/Managed'
Mono path[1] = 'C:/Program Files/Unity/Hub/Editor/2021.3.4f1/Editor/Data/MonoBleedingEdge/lib/mono/unityjit-win32'
Mono config path = 'C:/Program Files/Unity/Hub/Editor/2021.3.4f1/Editor/Data/MonoBleedingEdge/etc'
Using monoOptions --debugger-agent=transport=dt_socket,embedding=1,server=y,suspend=n,address=127.0.0.1:56416
Begin MonoManager ReloadAssembly
Registering precompiled unity dll's ...
Register platform support module: C:/Program Files/Unity/Hub/Editor/2021.3.4f1/Editor/Data/PlaybackEngines/WindowsStandaloneSupport/UnityEditor.WindowsStandalone.Extensions.dll
Registered in 0.028876 seconds.
Native extension for WindowsStandalone target not found
Refreshing native plugins compatible for Editor in 264.85 ms, found 3 plugins.
Preloading 0 native plugins for Editor in 0.00 ms.
Mono: successfully reloaded assembly
- Completed reload, in  2.367 seconds
Domain Reload Profiling:
	ReloadAssembly (2368ms)
		BeginReloadAssembly (271ms)
			ExecutionOrderSort (0ms)
			DisableScriptedObjects (0ms)
			BackupInstance (0ms)
			ReleaseScriptingObjects (0ms)
			CreateAndSetChildDomain (2ms)
		EndReloadAssembly (1748ms)
			LoadAssemblies (264ms)
			RebuildTransferFunctionScriptingTraits (0ms)
			SetupTypeCache (351ms)
			ReleaseScriptCaches (0ms)
			RebuildScriptCaches (120ms)
			SetupLoadedEditorAssemblies (1085ms)
				LogAssemblyErrors (0ms)
				InitializePlatformSupportModulesInManaged (33ms)
				SetLoadedEditorAssemblies (1ms)
				RefreshPlugins (265ms)
				BeforeProcessingInitializeOnLoad (3ms)
				ProcessInitializeOnLoadAttributes (612ms)
				ProcessInitializeOnLoadMethodAttributes (171ms)
				AfterProcessingInitializeOnLoad (0ms)
				EditorAssembliesLoaded (0ms)
			ExecutionOrderSort2 (0ms)
			AwakeInstancesAfterBackupRestoration (0ms)
Platform modules already initialized, skipping
Registering precompiled user dll's ...
Registered in 0.020034 seconds.
Begin MonoManager ReloadAssembly
Symbol file LoadedFromMemory doesn't match image C:\Users\franc\Documents\GitHub\S4M\Library\PackageCache\com.unity.visualscripting@1.7.8\Editor\VisualScripting.Core\Dependencies\YamlDotNet\Unity.VisualScripting.YamlDotNet.dll
Symbol file LoadedFromMemory doesn't match image C:\Users\franc\Documents\GitHub\S4M\Library\PackageCache\com.unity.visualscripting@1.7.8\Editor\VisualScripting.Core\Dependencies\DotNetZip\Unity.VisualScripting.IonicZip.dll
Native extension for WindowsStandalone target not found
Refreshing native plugins compatible for Editor in 1.31 ms, found 3 plugins.
Preloading 0 native plugins for Editor in 0.00 ms.
Mono: successfully reloaded assembly
- Completed reload, in  4.487 seconds
Domain Reload Profiling:
	ReloadAssembly (4489ms)
		BeginReloadAssembly (373ms)
			ExecutionOrderSort (0ms)
			DisableScriptedObjects (30ms)
			BackupInstance (0ms)
			ReleaseScriptingObjects (0ms)
			CreateAndSetChildDomain (53ms)
		EndReloadAssembly (3549ms)
			LoadAssemblies (313ms)
			RebuildTransferFunctionScriptingTraits (0ms)
			SetupTypeCache (1409ms)
			ReleaseScriptCaches (1ms)
			RebuildScriptCaches (292ms)
			SetupLoadedEditorAssemblies (1276ms)
				LogAssemblyErrors (0ms)
				InitializePlatformSupportModulesInManaged (20ms)
				SetLoadedEditorAssemblies (1ms)
				RefreshPlugins (2ms)
				BeforeProcessingInitializeOnLoad (293ms)
				ProcessInitializeOnLoadAttributes (837ms)
				ProcessInitializeOnLoadMethodAttributes (86ms)
				AfterProcessingInitializeOnLoad (35ms)
				EditorAssembliesLoaded (1ms)
			ExecutionOrderSort2 (0ms)
			AwakeInstancesAfterBackupRestoration (31ms)
Platform modules already initialized, skipping
========================================================================
Worker process is ready to serve import requests
Launched and connected shader compiler UnityShaderCompiler.exe after 0.13 seconds
Refreshing native plugins compatible for Editor in 1.10 ms, found 3 plugins.
Preloading 0 native plugins for Editor in 0.00 ms.
Unloading 3378 Unused Serialized files (Serialized files now loaded: 0)
Unloading 25 unused Assets / (55.6 KB). Loaded Objects now: 3836.
Memory consumption went from 115.9 MB to 115.8 MB.
Total: 32.618400 ms (FindLiveObjects: 2.888100 ms CreateObjectMapping: 0.795300 ms MarkObjects: 28.720000 ms  DeleteObjects: 0.211200 ms)

AssetImportParameters requested are different than current active one (requested -> active):
  custom:video-decoder-ogg-theora: a1e56fd34408186e4bbccfd4996cb3dc -> 
  custom:container-muxer-webm: aa71ff27fc2769a1b78a27578f13a17b -> 
  custom:container-demuxer-webm: 4f35f7cbe854078d1ac9338744f61a02 -> 
  custom:video-encoder-webm-vp8: eb34c28f22e8b96e1ab97ce403110664 -> 
  custom:video-codec-MediaFoundation-h265: 746d11721c4dcdbdad8f713fa42b33f4 -> 
  custom:audio-encoder-webm-vorbis: bf7c407c2cedff20999df2af8eb42d56 -> 
  custom:framework-win-MediaFoundation: 216162199b28c13a410421893ffa2e32 -> 
  custom:container-demuxer-ogg: 62fdf1f143b41e24485cea50d1cbac27 -> 
  custom:video-decoder-webm-vp8: 9c59270c3fd7afecdb556c50c9e8de78 -> 
  custom:audio-decoder-ogg-vorbis: bf7c407c2cedff20999df2af8eb42d56 -> 
========================================================================
Received Import Request.
  Time since last request: 1519810.130508 seconds.
  path: Assets/Pruebas/Scripts/MaquinaDeEstados/MaquinaEstadosJugador.cs
  artifactKey: Guid(841c5e5018dbcd34e84257ebf07af823) Importer(815301076,1909f56bfc062723c751e8b465ee728b)
Start importing Assets/Pruebas/Scripts/MaquinaDeEstados/MaquinaEstadosJugador.cs using Guid(841c5e5018dbcd34e84257ebf07af823) Importer(815301076,1909f56bfc062723c751e8b465ee728b)  -> (artifact id: '18d6003babfcab8668df58b4ca606fbd') in 0.157226 seconds 
========================================================================
Received Import Request.
  Time since last request: 206.576057 seconds.
  path: Assets/Pruebas/Scripts/MaquinaDeEstados/MaquinaEstadosJugador.cs
  artifactKey: Guid(841c5e5018dbcd34e84257ebf07af823) Importer(815301076,1909f56bfc062723c751e8b465ee728b)
Start importing Assets/Pruebas/Scripts/MaquinaDeEstados/MaquinaEstadosJugador.cs using Guid(841c5e5018dbcd34e84257ebf07af823) Importer(815301076,1909f56bfc062723c751e8b465ee728b)  -> (artifact id: 'afe0f48c552f6ac0a87f217e83aa3d37') in 0.005201 seconds 
========================================================================
Received Import Request.
  Time since last request: 28.453371 seconds.
  path: Assets/Pruebas/Scripts/MaquinaDeEstados/MaquinaEstadosJugador.cs
  artifactKey: Guid(841c5e5018dbcd34e84257ebf07af823) Importer(815301076,1909f56bfc062723c751e8b465ee728b)
Start importing Assets/Pruebas/Scripts/MaquinaDeEstados/MaquinaEstadosJugador.cs using Guid(841c5e5018dbcd34e84257ebf07af823) Importer(815301076,1909f56bfc062723c751e8b465ee728b)  -> (artifact id: 'f71706c1c68ac0c1eea9e7ce82706d73') in 0.010590 seconds 
========================================================================
Received Import Request.
  Time since last request: 38.835591 seconds.
  path: Assets/Pruebas/Scripts/MaquinaDeEstados/MaquinaEstadosJugador.cs
  artifactKey: Guid(841c5e5018dbcd34e84257ebf07af823) Importer(815301076,1909f56bfc062723c751e8b465ee728b)
Start importing Assets/Pruebas/Scripts/MaquinaDeEstados/MaquinaEstadosJugador.cs using Guid(841c5e5018dbcd34e84257ebf07af823) Importer(815301076,1909f56bfc062723c751e8b465ee728b)  -> (artifact id: 'fe8e114af5ed644f657fe56c15cd4328') in 0.009412 seconds 
========================================================================
Received Import Request.
  Time since last request: 19.023021 seconds.
  path: Assets/Pruebas/Scripts/MaquinaDeEstados/MaquinaEstadosJugador.cs
  artifactKey: Guid(841c5e5018dbcd34e84257ebf07af823) Importer(815301076,1909f56bfc062723c751e8b465ee728b)
Start importing Assets/Pruebas/Scripts/MaquinaDeEstados/MaquinaEstadosJugador.cs using Guid(841c5e5018dbcd34e84257ebf07af823) Importer(815301076,1909f56bfc062723c751e8b465ee728b)  -> (artifact id: '774d0643e1be21f6e1129180e169a6a3') in 0.008194 seconds 
========================================================================
Received Import Request.
  Time since last request: 481.284744 seconds.
  path: Assets/Pruebas/Scripts/MaquinaDeEstados/MaquinaEstadosJugador.cs
  artifactKey: Guid(841c5e5018dbcd34e84257ebf07af823) Importer(815301076,1909f56bfc062723c751e8b465ee728b)
Start importing Assets/Pruebas/Scripts/MaquinaDeEstados/MaquinaEstadosJugador.cs using Guid(841c5e5018dbcd34e84257ebf07af823) Importer(815301076,1909f56bfc062723c751e8b465ee728b)  -> (artifact id: '7a47cac65ac401b9230722fd0c08b8c5') in 0.006011 seconds 
========================================================================
Received Import Request.
  Time since last request: 147.805396 seconds.
  path: Assets/Pruebas/Scripts/MaquinaDeEstados/MaquinaEstadosJugador.cs
  artifactKey: Guid(841c5e5018dbcd34e84257ebf07af823) Importer(815301076,1909f56bfc062723c751e8b465ee728b)
Start importing Assets/Pruebas/Scripts/MaquinaDeEstados/MaquinaEstadosJugador.cs using Guid(841c5e5018dbcd34e84257ebf07af823) Importer(815301076,1909f56bfc062723c751e8b465ee728b)  -> (artifact id: '5ac5da80857369570ee369efc9c85293') in 0.005969 seconds 
========================================================================
Received Import Request.
  Time since last request: 17.212450 seconds.
  path: Assets/Pruebas/Scripts/MaquinaDeEstados/MaquinaEstadosJugador.cs
  artifactKey: Guid(841c5e5018dbcd34e84257ebf07af823) Importer(815301076,1909f56bfc062723c751e8b465ee728b)
Start importing Assets/Pruebas/Scripts/MaquinaDeEstados/MaquinaEstadosJugador.cs using Guid(841c5e5018dbcd34e84257ebf07af823) Importer(815301076,1909f56bfc062723c751e8b465ee728b)  -> (artifact id: 'f7efc8e2f50ec3cec835947437ce08a0') in 0.006391 seconds 
========================================================================
Received Prepare
Registering precompiled user dll's ...
Registered in 0.022089 seconds.
Begin MonoManager ReloadAssembly
Symbol file LoadedFromMemory doesn't match image C:\Users\franc\Documents\GitHub\S4M\Library\PackageCache\com.unity.visualscripting@1.7.8\Editor\VisualScripting.Core\Dependencies\YamlDotNet\Unity.VisualScripting.YamlDotNet.dll
Symbol file LoadedFromMemory doesn't match image C:\Users\franc\Documents\GitHub\S4M\Library\PackageCache\com.unity.visualscripting@1.7.8\Editor\VisualScripting.Core\Dependencies\DotNetZip\Unity.VisualScripting.IonicZip.dll
Native extension for WindowsStandalone target not found
Refreshing native plugins compatible for Editor in 1.36 ms, found 3 plugins.
Preloading 0 native plugins for Editor in 0.00 ms.
Mono: successfully reloaded assembly
- Completed reload, in  3.280 seconds
Domain Reload Profiling:
	ReloadAssembly (3282ms)
		BeginReloadAssembly (447ms)
			ExecutionOrderSort (0ms)
			DisableScriptedObjects (25ms)
			BackupInstance (0ms)
			ReleaseScriptingObjects (0ms)
			CreateAndSetChildDomain (124ms)
		EndReloadAssembly (2496ms)
			LoadAssemblies (248ms)
			RebuildTransferFunctionScriptingTraits (0ms)
			SetupTypeCache (931ms)
			ReleaseScriptCaches (2ms)
			RebuildScriptCaches (127ms)
			SetupLoadedEditorAssemblies (1047ms)
				LogAssemblyErrors (0ms)
				InitializePlatformSupportModulesInManaged (41ms)
				SetLoadedEditorAssemblies (2ms)
				RefreshPlugins (2ms)
				BeforeProcessingInitializeOnLoad (209ms)
				ProcessInitializeOnLoadAttributes (691ms)
				ProcessInitializeOnLoadMethodAttributes (74ms)
				AfterProcessingInitializeOnLoad (27ms)
				EditorAssembliesLoaded (0ms)
			ExecutionOrderSort2 (0ms)
			AwakeInstancesAfterBackupRestoration (27ms)
Platform modules already initialized, skipping
Refreshing native plugins compatible for Editor in 6.51 ms, found 3 plugins.
Preloading 0 native plugins for Editor in 0.00 ms.
Unloading 3371 Unused Serialized files (Serialized files now loaded: 0)
Unloading 18 unused Assets / (24.7 KB). Loaded Objects now: 3839.
Memory consumption went from 115.6 MB to 115.6 MB.
Total: 11.564700 ms (FindLiveObjects: 0.625300 ms CreateObjectMapping: 1.639900 ms MarkObjects: 9.227900 ms  DeleteObjects: 0.068200 ms)

AssetImportParameters requested are different than current active one (requested -> active):
  custom:video-decoder-ogg-theora: a1e56fd34408186e4bbccfd4996cb3dc -> 
  custom:container-muxer-webm: aa71ff27fc2769a1b78a27578f13a17b -> 
  custom:container-demuxer-webm: 4f35f7cbe854078d1ac9338744f61a02 -> 
  custom:video-encoder-webm-vp8: eb34c28f22e8b96e1ab97ce403110664 -> 
  custom:video-codec-MediaFoundation-h265: 746d11721c4dcdbdad8f713fa42b33f4 -> 
  custom:audio-encoder-webm-vorbis: bf7c407c2cedff20999df2af8eb42d56 -> 
  custom:framework-win-MediaFoundation: 216162199b28c13a410421893ffa2e32 -> 
  custom:container-demuxer-ogg: 62fdf1f143b41e24485cea50d1cbac27 -> 
  custom:video-decoder-webm-vp8: 9c59270c3fd7afecdb556c50c9e8de78 -> 
  custom:audio-decoder-ogg-vorbis: bf7c407c2cedff20999df2af8eb42d56 -> 
========================================================================
Received Import Request.
  Time since last request: 342.733557 seconds.
  path: Assets/Pruebas/Scripts/MaquinaDeEstados/JugadorEstado.cs
  artifactKey: Guid(d2906687da28f3a4794e0ac6709a874c) Importer(815301076,1909f56bfc062723c751e8b465ee728b)
Start importing Assets/Pruebas/Scripts/MaquinaDeEstados/JugadorEstado.cs using Guid(d2906687da28f3a4794e0ac6709a874c) Importer(815301076,1909f56bfc062723c751e8b465ee728b)  -> (artifact id: '94c02db9dfcf5339c5a9ce4ce17e9932') in 0.030767 seconds 
========================================================================
Received Prepare
Registering precompiled user dll's ...
Registered in 0.021061 seconds.
Begin MonoManager ReloadAssembly
Symbol file LoadedFromMemory doesn't match image C:\Users\franc\Documents\GitHub\S4M\Library\PackageCache\com.unity.visualscripting@1.7.8\Editor\VisualScripting.Core\Dependencies\YamlDotNet\Unity.VisualScripting.YamlDotNet.dll
Symbol file LoadedFromMemory doesn't match image C:\Users\franc\Documents\GitHub\S4M\Library\PackageCache\com.unity.visualscripting@1.7.8\Editor\VisualScripting.Core\Dependencies\DotNetZip\Unity.VisualScripting.IonicZip.dll
Native extension for WindowsStandalone target not found
Refreshing native plugins compatible for Editor in 1.35 ms, found 3 plugins.
Preloading 0 native plugins for Editor in 0.00 ms.
Mono: successfully reloaded assembly
- Completed reload, in  3.441 seconds
Domain Reload Profiling:
	ReloadAssembly (3443ms)
		BeginReloadAssembly (518ms)
			ExecutionOrderSort (0ms)
			DisableScriptedObjects (24ms)
			BackupInstance (0ms)
			ReleaseScriptingObjects (0ms)
			CreateAndSetChildDomain (108ms)
		EndReloadAssembly (2586ms)
			LoadAssemblies (441ms)
			RebuildTransferFunctionScriptingTraits (0ms)
			SetupTypeCache (782ms)
			ReleaseScriptCaches (4ms)
			RebuildScriptCaches (192ms)
			SetupLoadedEditorAssemblies (1065ms)
				LogAssemblyErrors (0ms)
				InitializePlatformSupportModulesInManaged (52ms)
				SetLoadedEditorAssemblies (2ms)
				RefreshPlugins (2ms)
				BeforeProcessingInitializeOnLoad (233ms)
				ProcessInitializeOnLoadAttributes (676ms)
				ProcessInitializeOnLoadMethodAttributes (75ms)
				AfterProcessingInitializeOnLoad (25ms)
				EditorAssembliesLoaded (0ms)
			ExecutionOrderSort2 (0ms)
			AwakeInstancesAfterBackupRestoration (27ms)
Platform modules already initialized, skipping
Refreshing native plugins compatible for Editor in 9.99 ms, found 3 plugins.
Preloading 0 native plugins for Editor in 0.00 ms.
Unloading 3372 Unused Serialized files (Serialized files now loaded: 0)
Unloading 18 unused Assets / (24.7 KB). Loaded Objects now: 3843.
Memory consumption went from 115.7 MB to 115.6 MB.
Total: 6.868500 ms (FindLiveObjects: 0.530200 ms CreateObjectMapping: 0.479300 ms MarkObjects: 5.809500 ms  DeleteObjects: 0.047300 ms)

AssetImportParameters requested are different than current active one (requested -> active):
  custom:video-decoder-ogg-theora: a1e56fd34408186e4bbccfd4996cb3dc -> 
  custom:container-muxer-webm: aa71ff27fc2769a1b78a27578f13a17b -> 
  custom:container-demuxer-webm: 4f35f7cbe854078d1ac9338744f61a02 -> 
  custom:video-encoder-webm-vp8: eb34c28f22e8b96e1ab97ce403110664 -> 
  custom:video-codec-MediaFoundation-h265: 746d11721c4dcdbdad8f713fa42b33f4 -> 
  custom:audio-encoder-webm-vorbis: bf7c407c2cedff20999df2af8eb42d56 -> 
  custom:framework-win-MediaFoundation: 216162199b28c13a410421893ffa2e32 -> 
  custom:container-demuxer-ogg: 62fdf1f143b41e24485cea50d1cbac27 -> 
  custom:video-decoder-webm-vp8: 9c59270c3fd7afecdb556c50c9e8de78 -> 
  custom:audio-decoder-ogg-vorbis: bf7c407c2cedff20999df2af8eb42d56 -> 
========================================================================
Received Import Request.
  Time since last request: 755.549315 seconds.
  path: Assets/Pruebas/Scripts/MaquinaDeEstados/JugadorEstado.cs
  artifactKey: Guid(d2906687da28f3a4794e0ac6709a874c) Importer(815301076,1909f56bfc062723c751e8b465ee728b)
Start importing Assets/Pruebas/Scripts/MaquinaDeEstados/JugadorEstado.cs using Guid(d2906687da28f3a4794e0ac6709a874c) Importer(815301076,1909f56bfc062723c751e8b465ee728b)  -> (artifact id: '40b46b1b6f8fbd9f42cff82a01364053') in 0.024484 seconds 
========================================================================
Received Import Request.
  Time since last request: 135.836066 seconds.
  path: Assets/Pruebas/Scripts/MaquinaDeEstados/JugadorEstado.cs
  artifactKey: Guid(d2906687da28f3a4794e0ac6709a874c) Importer(815301076,1909f56bfc062723c751e8b465ee728b)
Start importing Assets/Pruebas/Scripts/MaquinaDeEstados/JugadorEstado.cs using Guid(d2906687da28f3a4794e0ac6709a874c) Importer(815301076,1909f56bfc062723c751e8b465ee728b)  -> (artifact id: '3d94ca0c3740058dcd3741075aa683ab') in 0.007519 seconds 
========================================================================
Received Import Request.
  Time since last request: 210.260694 seconds.
  path: Assets/Pruebas/Scripts/MaquinaDeEstados/JugadorEstado.cs
  artifactKey: Guid(d2906687da28f3a4794e0ac6709a874c) Importer(815301076,1909f56bfc062723c751e8b465ee728b)
Start importing Assets/Pruebas/Scripts/MaquinaDeEstados/JugadorEstado.cs using Guid(d2906687da28f3a4794e0ac6709a874c) Importer(815301076,1909f56bfc062723c751e8b465ee728b)  -> (artifact id: '67595b19b37d11f0cadb1ae2643e4cb8') in 0.006529 seconds 
========================================================================
Received Import Request.
  Time since last request: 169.944504 seconds.
  path: Assets/Pruebas/Scripts/MaquinaDeEstados/JugadorEstado.cs
  artifactKey: Guid(d2906687da28f3a4794e0ac6709a874c) Importer(815301076,1909f56bfc062723c751e8b465ee728b)
Start importing Assets/Pruebas/Scripts/MaquinaDeEstados/JugadorEstado.cs using Guid(d2906687da28f3a4794e0ac6709a874c) Importer(815301076,1909f56bfc062723c751e8b465ee728b)  -> (artifact id: '954f70d57e04796c3c90ed6cc9f39d96') in 0.006177 seconds 
========================================================================
Received Prepare
Registering precompiled user dll's ...
Registered in 0.018803 seconds.
Begin MonoManager ReloadAssembly
Symbol file LoadedFromMemory doesn't match image C:\Users\franc\Documents\GitHub\S4M\Library\PackageCache\com.unity.visualscripting@1.7.8\Editor\VisualScripting.Core\Dependencies\YamlDotNet\Unity.VisualScripting.YamlDotNet.dll
Symbol file LoadedFromMemory doesn't match image C:\Users\franc\Documents\GitHub\S4M\Library\PackageCache\com.unity.visualscripting@1.7.8\Editor\VisualScripting.Core\Dependencies\DotNetZip\Unity.VisualScripting.IonicZip.dll
Native extension for WindowsStandalone target not found
Refreshing native plugins compatible for Editor in 1.21 ms, found 3 plugins.
Preloading 0 native plugins for Editor in 0.00 ms.
Mono: successfully reloaded assembly
- Completed reload, in  3.447 seconds
Domain Reload Profiling:
	ReloadAssembly (3450ms)
		BeginReloadAssembly (403ms)
			ExecutionOrderSort (0ms)
			DisableScriptedObjects (22ms)
			BackupInstance (0ms)
			ReleaseScriptingObjects (0ms)
			CreateAndSetChildDomain (98ms)
		EndReloadAssembly (2615ms)
			LoadAssemblies (274ms)
			RebuildTransferFunctionScriptingTraits (0ms)
			SetupTypeCache (931ms)
			ReleaseScriptCaches (2ms)
			RebuildScriptCaches (124ms)
			SetupLoadedEditorAssemblies (1106ms)
				LogAssemblyErrors (0ms)
				InitializePlatformSupportModulesInManaged (37ms)
				SetLoadedEditorAssemblies (1ms)
				RefreshPlugins (1ms)
				BeforeProcessingInitializeOnLoad (216ms)
				ProcessInitializeOnLoadAttributes (711ms)
				ProcessInitializeOnLoadMethodAttributes (104ms)
				AfterProcessingInitializeOnLoad (34ms)
				EditorAssembliesLoaded (1ms)
			ExecutionOrderSort2 (0ms)
			AwakeInstancesAfterBackupRestoration (32ms)
Platform modules already initialized, skipping
Refreshing native plugins compatible for Editor in 8.36 ms, found 3 plugins.
Preloading 0 native plugins for Editor in 0.00 ms.
Unloading 3372 Unused Serialized files (Serialized files now loaded: 0)
Unloading 18 unused Assets / (24.6 KB). Loaded Objects now: 3846.
Memory consumption went from 115.7 MB to 115.6 MB.
Total: 9.780300 ms (FindLiveObjects: 0.701800 ms CreateObjectMapping: 0.426800 ms MarkObjects: 8.574200 ms  DeleteObjects: 0.073700 ms)

AssetImportParameters requested are different than current active one (requested -> active):
  custom:video-decoder-ogg-theora: a1e56fd34408186e4bbccfd4996cb3dc -> 
  custom:container-muxer-webm: aa71ff27fc2769a1b78a27578f13a17b -> 
  custom:container-demuxer-webm: 4f35f7cbe854078d1ac9338744f61a02 -> 
  custom:video-encoder-webm-vp8: eb34c28f22e8b96e1ab97ce403110664 -> 
  custom:video-codec-MediaFoundation-h265: 746d11721c4dcdbdad8f713fa42b33f4 -> 
  custom:audio-encoder-webm-vorbis: bf7c407c2cedff20999df2af8eb42d56 -> 
  custom:framework-win-MediaFoundation: 216162199b28c13a410421893ffa2e32 -> 
  custom:container-demuxer-ogg: 62fdf1f143b41e24485cea50d1cbac27 -> 
  custom:video-decoder-webm-vp8: 9c59270c3fd7afecdb556c50c9e8de78 -> 
  custom:audio-decoder-ogg-vorbis: bf7c407c2cedff20999df2af8eb42d56 -> 
========================================================================
Received Import Request.
  Time since last request: 368.514413 seconds.
  path: Assets/Pruebas/Scripts/MaquinaDeEstados/JugadorEnTierra.cs
  artifactKey: Guid(6bd1808472e9d3f418ddef980ce028c2) Importer(815301076,1909f56bfc062723c751e8b465ee728b)
Start importing Assets/Pruebas/Scripts/MaquinaDeEstados/JugadorEnTierra.cs using Guid(6bd1808472e9d3f418ddef980ce028c2) Importer(815301076,1909f56bfc062723c751e8b465ee728b)  -> (artifact id: '449fd163f4059d3e82265000c0c26600') in 0.026482 seconds 
